<!DOCTYPE html>


<html>
	<head>
        <meta http-equiv="content-type" content="text/html; charset=UTF-8" />
		<title>ShoppingMe.BDD.Tests Test Execution Report</title>
        <script type="text/javascript" src="http://code.jquery.com/jquery-1.6.2.min.js"></script>
        <script type="text/javascript">
            /**
            * jQuery.fn.sortElements
            * --------------
            * #author James Padolsey (http://james.padolsey.com)
            * #version 0.11
            * #updated 18-MAR-2010
            * #url https://raw.github.com/jamespadolsey/jQuery-Plugins/master/sortElements/jquery.sortElements.js
            * --------------
            * #param Function comparator:
            *   Exactly the same behaviour as [1,2,3].sort(comparator)
            *   
            * #param Function getSortable
            *   A function that should return the element that is
            *   to be sorted. The comparator will run on the
            *   current collection, but you may want the actual
            *   resulting sort to occur on a parent or another
            *   associated element.
            *   
            *   E.g. $('td').sortElements(comparator, function(){
            *      return this.parentNode; 
            *   })
            *   
            *   The <td>'s parent (<tr>) will be sorted instead
            *   of the <td> itself.
            */
            jQuery.fn.sortElements = (function () {

                var sort = [].sort;

                return function (comparator, getSortable) {

                    getSortable = getSortable || function () { return this; };

                    var placements = this.map(function () {

                        var sortElement = getSortable.call(this),
                parentNode = sortElement.parentNode,

                        // Since the element itself will change position, we have
                        // to have some way of storing it's original position in
                        // the DOM. The easiest way is to have a 'flag' node:
                nextSibling = parentNode.insertBefore(
                    document.createTextNode(''),
                    sortElement.nextSibling
                );

                        return function () {

                            if (parentNode === this) {
                                throw new Error(
                        "You can't sort elements if any one is a descendant of another."
                    );
                            }

                            // Insert before flag:
                            parentNode.insertBefore(this, nextSibling);
                            // Remove flag:
                            parentNode.removeChild(nextSibling);

                        };

                    });

                    return sort.call(this, comparator).each(function (i) {
                        placements[i].call(getSortable.call(this));
                    });

                };

            })();
        </script>
        <script type="text/javascript">
            jQuery.fn.setBarSizes = (function () {
                return function (metricName, maxBarSize, min) {
                    var max = Math.max.apply(Math, $.makeArray($(this).map(function () { return Number($(this).attr('data-sr-' + metricName)); })));
                    var scale = 1.0;
                    while (max > 0.0 && max <= 10.0) {
                        scale = scale * 10.0;
                        max = max * 10.0;
                    }
                    max = (Math.ceil(max / 2) * 2) / scale;

                    this.each(function () {
                        var barAnchor = $(this).find('a');
                        var actual = $(this).attr('data-sr-' + metricName);
                        var newHeight = Math.max(Math.round(maxBarSize * (actual - min) / (max - min)), 2);
                        barAnchor.css({ height: newHeight });
                    });

                    var unit = "";
                    if (metricName.substr(metricName.length - 4, 4) === "time")
                        unit = "s";

                    $('#testview .scale-min-label').each(function () {
                        $(this).text(min.toString() + unit);
                    });
                    $('#testview .scale-max-label').each(function () {
                        $(this).text(max.toString() + unit);
                    });
                    var mid = max / 2;
                    $('#testview .scale-mid-label').each(function () {
                        $(this).text(mid.toString() + unit);
                    });
                };
            })();

            function getComparer(metricName, isDesc) {
                return function (a, b) {
                    var aNumber = Number($(a).attr('data-sr-' + metricName));
                    var bNumber = Number($(b).attr('data-sr-' + metricName));
                    var result = aNumber > bNumber ? 1 : (aNumber < bNumber ? -1 : 0);
                    if (isDesc)
                        result = -1 * result;

                    if (result == 0 && metricName != "order")
                        result = getComparer("order", false)(a, b);

                    return result;
                };
            }

            var currentSort = "";
            function doSort(allowToggleDesc) {
                var newSort = $("input[name='barSortOrder']:checked").val();
                if (allowToggleDesc && currentSort == newSort) {
                    $('#barSortDesc').click();
                    doSort(false);
                    return;
                }
                currentSort = newSort;
                $('#testview td.testview-item').sortElements(getComparer(newSort, $('#barSortDesc').is(':checked')));
            }


            function doSetHeights(allowSort) {
                var selectedMetric = $("input[name='barHeight']:checked").val();
                $('#testview td.testview-item').setBarSizes(selectedMetric, 60, 0.0);

                if (allowSort && currentSort != selectedMetric) {
                    var $radios = $("input[name='barSortOrder']");
                    $radios.filter('[value=' + selectedMetric + ']').attr('checked', true);
                    $("#barSortDesc").attr("checked", [true]);
                    doSort(false);
                }
            }

            $(document).ready(function () {
                $("input[name='barSortOrder']").click(function () { doSort(true); return true; });
                $("input[name='barSortDesc']").change(function () { doSort(false); });
                $("input[name='barHeight']").change(function () { doSetHeights(true); });

                doSort(false);
                doSetHeights(false);

                $("div.scrollable").css({ 'overflow': 'auto' });
            });
        </script>

        <style type="text/css">
            body 
            {
                color: #000000;
                font-family: Arial,Liberation Sans,DejaVu Sans,sans-serif;
                line-height: 130%;
            }
            h1 {
                font-family: Trebuchet MS,Liberation Sans,DejaVu Sans,sans-serif;
                font-size: 170%;
                font-weight: bold;
            }            
            h2 {
                font-family: Trebuchet MS,Liberation Sans,DejaVu Sans,sans-serif;
                font-size: 130%;
                font-weight: bold;
                margin-bottom: 5px;
            }            
            h3 {
                font-family: Trebuchet MS,Liberation Sans,DejaVu Sans,sans-serif;
                font-size: 120%;
                font-weight: bold;
                margin-bottom: 5px;
            }            
            a.bar
            {
                text-decoration: none;
                display: block;
                line-height: 1px;
            }
            .description
            {
                font-style: italic;
            }
            .log 
            {
                width: 600px;
                white-space: pre-wrap;
                display: block;
                margin: 0px;
            }
            .errorMessage 
            {
                width: 600px;
                color: Red;
                font-weight: bold;
            }
            .stackTrace 
            {
                width: 600px;
                white-space: pre-wrap;
                font-style: italic;
                color: Red;
                display: block;
            }
            table.testEvents
            {
                border: solid 1px #e8eef4;
                border-collapse: collapse;
            }
            table.testEvents td
            {
                vertical-align: top;
                padding: 5px;
                border: solid 1px #e8eef4;
            }
            table.testEvents th
            {
                padding: 6px 5px;
                text-align: left;
                background-color: #e8eef4;
                border: solid 1px #e8eef4;                
            }
            .comment
            {
                font-style: italic;
                font-size: smaller;
            }
            .startupBar
            {
                background-color: #EEEEEE;
                cursor: default;
            }
            
            .colorSucceeded
            {
                background-color: #90ED7B;
            }
            .colorIgnored
            {
                background-color: #FFFF85;
            }
            .colorPending
            {
                background-color: #D47BED;
            }
            .colorNothingToRun
            {
                background-color: #CCCCFF;
            }
            .colorSkipped
            {
                background-color: #CCCCFF;
            }
            .colorInconclusive
            {
                background-color: #7BEDED;
            }
            .colorCleanupFailed
            {
                background-color: #FFCCCC;
            }
            .colorRandomlyFailed
            {
                background-color: #EDB07B;
            }
            .colorFailed
            {
                background-color: #ED5F5F;
            }
            .colorInitializationFailed
            {
                background-color: #FF0000;
            }
            .colorFrameworkError
            {
                background-color: #FF0000;
            }
            ul.subNodeLinks
            {
                padding-left: 20px;
                margin: 0px;
            }
            ul.subNodeLinks li
            {
                list-style: none;
            }
            
            /* views general */
            div.scrollable
            {
                /*overflow: auto; - thsi has to be set from js, because of an IE9 bug */
            }
            div.viewbox
            {
                position: relative;
                border: 3px solid #e8eef4;
            }
            div.viewbox table
            {
                border: 0px;
            }
                        
            /* testview */
            #testview
            {
                padding-top: 23px;
            }
            
            table.testview-items td
            {
                vertical-align: bottom;
                padding: 0px 1px 0px 1px;
            }
            td.right-padding, td.left-padding
            {
                width: 25px;
                min-width: 25px;
            }
            table.testview-items a.bar
            {
                width: 5px;
            }
            table.testview-items tr.testview-items-row
            {
                height: 60px;
            }
            
            /* scale */
            table.vertical-scale 
            {
                position: absolute;
                top: 23px;
                left: 0px;
                width: 100%;
                z-index: -100;
            }
            table.vertical-scale td, tr.horizontal-scale td
            {
                font-size: 60%;
                line-height: normal;
            }
            table.vertical-scale tr.scale-max, table.vertical-scale tr.scale-mid 
            {
                height: 30px;
            }
            tr.horizontal-scale, table.vertical-scale tr.scale-min 
            {
                height: 12px;
            }
            
            td.scale-max-label, td.scale-mid-label, td.scale-min-label
            {
                border-top: solid 1px #E6E6E6;
                text-align: left;
                vertical-align: top;
            }
            td.scale-10-label
            {
                border-left: solid 1px #E6E6E6;
                text-align: left;
                vertical-align: bottom;
                padding-left: 1px;
            }
            tr.scale-mid td, tr.scale-min td, tr.scale-max td
            {
                border-top: solid 1px #E6E6E6;
            }
           
            
            /* bar-control */
            #bar-control
            {
                font-size: 60%;
                line-height: normal;
                position: absolute;
                right: 0px;
                top: 0px;
            }
            #bar-control label
            {
                font-weight: bold;
                vertical-align: middle;
            }
            #bar-control .option
            {
                vertical-align: middle;
                text-transform: lowercase;
            }
            #bar-control input[type="checkbox"]
            {
                padding: 0 2px 0 3px;
            }
            #bar-control input
            {
                vertical-align: top;
                height: 12px;
                margin: 0px;
                padding: 0px;
            }
            #bar-control div
            {
                float: right;
                margin: 3px 5px 3px 5px;
            }
            
            
            /* timeline view */
            #timelineview
            {
                padding-top: 5px;
            }
            table.timelineview a
            {
                height: 20px;
            }
            table.timelineview td
            {
                vertical-align: bottom;
                padding: 0px 1px 0px 0px;
                border: 0px;
            }
            tr.thread-items-row
            {
                height: 25px;
            }
            tr.thread-items-row td
            {
                vertical-align: bottom;
            }
            td.thread-label
            {
                padding: 0px 6px 0px 6px;
                text-align: right;
                line-height: 18px;
                vertical-align: bottom;
            }
            th.thread-label
            {
                padding: 3px 6px 0px 6px;
                line-height: 18px;
                text-align: left;
                vertical-align: bottom;
            }
        </style>
	</head>
	<body>
        <h1>ShoppingMe.BDD.Tests Test Execution Report</h1>
        <ul>
            <li>Project: ShoppingMe.BDD.Tests</li>
            <li>Configuration: Default</li>
            <li>Test Assemblies: ShoppingMe.BDD.Tests.dll</li>
            <li>Start Time: 7/22/2018 6:35:53 PM</li>
            <li>Duration: 00:00:04.4428152</li>
            <li>Test Threads: 1</li>
        </ul>

        <h2>Result: 2 failed</h2>
        <table class="testEvents">
                <tr>
        <th colspan="2">Success rate</th>
        <th>Tests</th>
        <th>Succeeded</th>
        <th>Failed</th>
        <th>Pending</th>
        <th>Ignored</th>
        <th>Skipped</th>
    </tr>

                <tr>
            <td>
            50%
    </td>
    <td>
        <table class="timelineview" cellpadding="0" cellspacing="0">
            <tr>
                    <td>
                        <a class="bar colorSucceeded" 
                           style="width: 99px;" 
                           title="2 succeeded" 
                                                   />
                    </td>
                    <td>
                        <a class="bar colorFailed" 
                           style="width: 99px;" 
                           title="2 failed" 
                                                          href="#error_summary"
                        />
                    </td>
            </tr>
            
        </table>
    </td>
    <td>4 (test executions: 8)</td>
    <td>2</td>
    <td>2</td>
    <td>0</td>
    <td>0</td>
    <td>0</td>

    </tr>

        </table>
        
        <h2>Test Timeline Summary</h2>

        <div id="timelineview" class="viewbox">
            <div class="scrollable">
                <table cellpadding="0" cellspacing="0">
                    <tr>
                        <th class="thread-label" colspan="2">thread</th>
                    </tr>
                        <tr class="thread-items-row">
                            <td class="thread-label" title="Machine: TLIGADE-LT">#0</td>
                            <td colspan="1">
                                <table class="timelineview" cellpadding="0" cellspacing="0">
                                    <tr>

                                            <td>
        <a
            class="bar startupBar" 
            style="width: 3px;" 
                title="test thread startup" 
        >&nbsp;</a>
    </td>

    <td>
        <a
            class="bar colorSucceeded" 
            style="width: 28px;" 
                title="[GET] : api/v1/getcustomerbyid?customerId=1 (in Customers)" 
                href="#t279995456.0"
        >&nbsp;</a>
    </td>
    <td>
        <a
            class="bar colorFailed" 
            style="width: 3px;" 
                title="[POST] : api/v1/createcustomer (in Customers)" 
                href="#t-1554915957.0"
        >&nbsp;</a>
    </td>
    <td>
        <a
            class="bar colorFailed" 
            style="width: 3px;" 
                title="[POST] : api/v1/createcustomer (in Customers) retry #1" 
                href="#t-1554915957.1"
        >&nbsp;</a>
    </td>
    <td>
        <a
            class="bar colorFailed" 
            style="width: 3px;" 
                title="[POST] : api/v1/createcustomer (in Customers) retry #2" 
                href="#t-1554915957.2"
        >&nbsp;</a>
    </td>
    <td>
        <a
            class="bar colorSucceeded" 
            style="width: 3px;" 
                title="[POST] : api/v1/createcustomer : while mobile number as string. It shold be bad request (in Customers)" 
                href="#t116447434.0"
        >&nbsp;</a>
    </td>
    <td>
        <a
            class="bar colorFailed" 
            style="width: 3px;" 
                title="[POST] : api/v1/updatecustomer (in Customers)" 
                href="#t185703841.0"
        >&nbsp;</a>
    </td>
    <td>
        <a
            class="bar colorFailed" 
            style="width: 3px;" 
                title="[POST] : api/v1/updatecustomer (in Customers) retry #1" 
                href="#t185703841.1"
        >&nbsp;</a>
    </td>
    <td>
        <a
            class="bar colorFailed" 
            style="width: 3px;" 
                title="[POST] : api/v1/updatecustomer (in Customers) retry #2" 
                href="#t185703841.2"
        >&nbsp;</a>
    </td>
                                    </tr>
                                </table>
                            </td>
                        </tr>
                    <tr class="horizontal-scale">
                        <td>&nbsp;</td>
                        <td class="scale-10-label">0s</td>
                    </tr>
                </table>
            </div>
        </div>

        <h2>Test Result View</h2>
        <div id="testview" class="viewbox">
            <div id="bar-control">
                <div id="bar-control-sort">
                    <label>sort by:</label>
                    <span class="option"><input type="radio" name="barSortOrder" value="exectime" />Time</span>
                    <span class="option"><input type="radio" name="barSortOrder" value="acttime" />Act Time</span>
                    <span class="option"><input type="radio" name="barSortOrder" value="order" />Execution</span>
                    <span class="option"><input type="radio" name="barSortOrder" value="rescode" checked="checked" />Result</span>
                    <span class="option"><input type="checkbox" name="barSortDesc" id="barSortDesc" checked="checked" />desc</span>
                </div>
                <div id="bar-control-heights">
                    <label>heights:</label>
                    <span class="option"><input type="radio" checked="checked" name="barHeight" value="exectime" />Time</span>
                    <span class="option"><input type="radio" name="barHeight" value="acttime" />Act Time</span>
                    
                </div>
            </div>
            <table class="vertical-scale" cellpadding="0" cellspacing="0">
                <tr class="scale-max">
                    <td class="left-padding scale-max-label">&nbsp;</td>
                    <td colspan="8">&nbsp;</td>
                    <td class="right-padding">&nbsp;</td>
                </tr>
                <tr class="scale-mid">
                    <td class="left-padding scale-mid-label">&nbsp;</td>
                    <td colspan="8">&nbsp;</td>
                    <td class="right-padding">&nbsp;</td>
                </tr>
                <tr class="scale-min">
                    <td class="left-padding scale-min-label">&nbsp;</td>
                    <td colspan="8">&nbsp;</td>
                    <td class="right-padding">&nbsp;</td>
                </tr>
            </table>
            <div class="scrollable">
                <table class="testview-items" cellpadding="0" cellspacing="0">
                    <tr class="testview-items-row">
                        <td class="left-padding">&nbsp;</td>
    <td class="testview-item" 
        data-sr-exectime="2.4882651" data-sr-rescode="110" data-sr-order="0" data-sr-acttime="1.782">
        <a
            class="bar colorSucceeded" 
            style="height: 60px;"
            title="[GET] : api/v1/getcustomerbyid?customerId=1 (in Customers)"
            href="#t279995456.0">&nbsp;</a>
    </td>
    <td class="testview-item" 
        data-sr-exectime="0.0135094" data-sr-rescode="110" data-sr-order="4" data-sr-acttime="0.002">
        <a
            class="bar colorSucceeded" 
            style="height: 2px;"
            title="[POST] : api/v1/createcustomer : while mobile number as string. It shold be bad request (in Customers)"
            href="#t116447434.0">&nbsp;</a>
    </td>
    <td class="testview-item" 
        data-sr-exectime="0.2310818" data-sr-rescode="440" data-sr-order="1" data-sr-acttime="0.17">
        <a
            class="bar colorFailed" 
            style="height: 6px;"
            title="[POST] : api/v1/createcustomer (in Customers)"
            href="#t-1554915957.0">&nbsp;</a>
    </td>
    <td class="testview-item" 
        data-sr-exectime="0.0080481" data-sr-rescode="440" data-sr-order="2" data-sr-acttime="0.004">
        <a
            class="bar colorFailed" 
            style="height: 2px;"
            title="[POST] : api/v1/createcustomer (in Customers) retry #1"
            href="#t-1554915957.1">&nbsp;</a>
    </td>
    <td class="testview-item" 
        data-sr-exectime="0.0065295" data-sr-rescode="440" data-sr-order="3" data-sr-acttime="0.003">
        <a
            class="bar colorFailed" 
            style="height: 2px;"
            title="[POST] : api/v1/createcustomer (in Customers) retry #2"
            href="#t-1554915957.2">&nbsp;</a>
    </td>
    <td class="testview-item" 
        data-sr-exectime="0.0050132" data-sr-rescode="440" data-sr-order="5" data-sr-acttime="0.0">
        <a
            class="bar colorFailed" 
            style="height: 2px;"
            title="[POST] : api/v1/updatecustomer (in Customers)"
            href="#t185703841.0">&nbsp;</a>
    </td>
    <td class="testview-item" 
        data-sr-exectime="0.0050132" data-sr-rescode="440" data-sr-order="6" data-sr-acttime="0.001">
        <a
            class="bar colorFailed" 
            style="height: 2px;"
            title="[POST] : api/v1/updatecustomer (in Customers) retry #1"
            href="#t185703841.1">&nbsp;</a>
    </td>
    <td class="testview-item" 
        data-sr-exectime="0.0080227" data-sr-rescode="440" data-sr-order="7" data-sr-acttime="0.001">
        <a
            class="bar colorFailed" 
            style="height: 2px;"
            title="[POST] : api/v1/updatecustomer (in Customers) retry #2"
            href="#t185703841.2">&nbsp;</a>
    </td>
                        <td class="right-padding">&nbsp;</td>
                    </tr>
                    <tr class="horizontal-scale">
                        <td class="left-padding">&nbsp;</td>
                        <td colspan="10">&nbsp;</td>
                    </tr>
                </table>
            </div>
        </div>

        <h2>Feature Summary</h2>
        <table class="testEvents">
                <tr>
            <th>Feature</th>
        <th colspan="2">Success rate</th>
        <th>Tests</th>
        <th>Succeeded</th>
        <th>Failed</th>
        <th>Pending</th>
        <th>Ignored</th>
        <th>Skipped</th>
            <th>Duration</th>
    </tr>

    <tr>
            <td><a href="#f-1049350043">Customers</a></td>
            <td>
            50%
    </td>
    <td>
        <table class="timelineview" cellpadding="0" cellspacing="0">
            <tr>
                    <td>
                        <a class="bar colorSucceeded" 
                           style="width: 99px;" 
                           title="2 succeeded" 
                                                   />
                    </td>
                    <td>
                        <a class="bar colorFailed" 
                           style="width: 99px;" 
                           title="2 failed" 
                                                          href="#error_summary"
                        />
                    </td>
            </tr>
            
        </table>
    </td>
    <td>4 (test executions: 8)</td>
    <td>2</td>
    <td>2</td>
    <td>0</td>
    <td>0</td>
    <td>0</td>
        <td>00:00:02.7654830</td>

    </tr>
        </table>

        <a name="error_summary" />
        <h2>Error Summary</h2>
        <table class="testEvents">
                <tr>
            <th>Test</th>
        <th colspan="2">Success rate</th>
        <th>Tests</th>
        <th>Succeeded</th>
        <th>Failed</th>
        <th>Pending</th>
        <th>Ignored</th>
        <th>Skipped</th>
    </tr>

                <tr>
                    <td>
                        <a href="#t-1554915957.0">[POST] : api/v1/createcustomer (in ShoppingMe.BDD.Tests, Customers)</a>
                            <a href="#t-1554915957.1">retry #1</a>
                            <a href="#t-1554915957.2">retry #2</a>
                    </td>
                        <td>
            0%
    </td>
    <td>
        <table class="timelineview" cellpadding="0" cellspacing="0">
            <tr>
                    <td>
                        <a class="bar colorFailed" 
                           style="width: 199px;" 
                           title="1 failed" 
                                                          href="#error_summary"
                        />
                    </td>
            </tr>
            
        </table>
    </td>
    <td>1 (test executions: 3)</td>
    <td>0</td>
    <td>1</td>
    <td>0</td>
    <td>0</td>
    <td>0</td>

                </tr>
                <tr>
                    <td colspan="9" style="padding-left: 20px;"><div class="errorMessage">Error: An error occurred while updating the entries. See the inner exception for details. -&gt; An error occurred while updating the entries. See the inner exception for details. -&gt; The conversion of a datetime2 data type to a datetime data type resulted in an out-of-range value.
The statement has been terminated.</div></td>
                </tr>
                <tr>
                    <td>
                        <a href="#t185703841.0">[POST] : api/v1/updatecustomer (in ShoppingMe.BDD.Tests, Customers)</a>
                            <a href="#t185703841.1">retry #1</a>
                            <a href="#t185703841.2">retry #2</a>
                    </td>
                        <td>
            0%
    </td>
    <td>
        <table class="timelineview" cellpadding="0" cellspacing="0">
            <tr>
                    <td>
                        <a class="bar colorFailed" 
                           style="width: 199px;" 
                           title="1 failed" 
                                                          href="#error_summary"
                        />
                    </td>
            </tr>
            
        </table>
    </td>
    <td>1 (test executions: 3)</td>
    <td>0</td>
    <td>1</td>
    <td>0</td>
    <td>0</td>
    <td>0</td>

                </tr>
                <tr>
                    <td colspan="9" style="padding-left: 20px;"><div class="errorMessage">Error: Parameter count mismatch! The binding method &#39;ShoppingMe.BDD.Tests:ShoppingMe.BDD.Tests.Features.CustomersSteps.GivenIHaveEnteredCustomerId(Int32)&#39; should have 2 parameters</div></td>
                </tr>
        </table>

        <h2>Scenario Summary</h2>
            <a name="f-1049350043" />
            <h3>Feature: Customers</h3>
                <div class="description"><pre>	Customer having account holder of ShoppingMe website</pre>
                </div>
            <table class="testEvents">
                    <tr>
            <th>Test</th>
        <th colspan="2">Success rate</th>
        <th>Tests</th>
        <th>Succeeded</th>
        <th>Failed</th>
        <th>Pending</th>
        <th>Ignored</th>
        <th>Skipped</th>
            <th>Duration</th>
    </tr>

                    <tr>
                        <td>
                                    <a href="#t279995456.0">Scenario: [GET] : api/v1/getcustomerbyid?customerId=1</a>

                        </td>
                        
                            <td>
            100%
    </td>
    <td>
        <table class="timelineview" cellpadding="0" cellspacing="0">
            <tr>
                    <td>
                        <a class="bar colorSucceeded" 
                           style="width: 199px;" 
                           title="1 succeeded" 
                                                   />
                    </td>
            </tr>
            
        </table>
    </td>
    <td>1</td>
    <td>1</td>
    <td>0</td>
    <td>0</td>
    <td>0</td>
    <td>0</td>
        <td>00:00:02.4882651</td>

                        
                    </tr>
                    <tr>
                        <td>
                                    <a href="#t-1554915957.0">Scenario: [POST] : api/v1/createcustomer</a>
            <a href="#t-1554915957.1">retry #1</a>
            <a href="#t-1554915957.2">retry #2</a>

                        </td>
                        
                            <td>
            0%
    </td>
    <td>
        <table class="timelineview" cellpadding="0" cellspacing="0">
            <tr>
                    <td>
                        <a class="bar colorFailed" 
                           style="width: 199px;" 
                           title="1 failed" 
                                                          href="#error_summary"
                        />
                    </td>
            </tr>
            
        </table>
    </td>
    <td>1 (test executions: 3)</td>
    <td>0</td>
    <td>1</td>
    <td>0</td>
    <td>0</td>
    <td>0</td>
        <td>00:00:00.2456594</td>

                        
                    </tr>
                    <tr>
                        <td>
                                    <a href="#t116447434.0">Scenario: [POST] : api/v1/createcustomer : while mobile number as string. It shold be bad request</a>

                        </td>
                        
                            <td>
            100%
    </td>
    <td>
        <table class="timelineview" cellpadding="0" cellspacing="0">
            <tr>
                    <td>
                        <a class="bar colorSucceeded" 
                           style="width: 199px;" 
                           title="1 succeeded" 
                                                   />
                    </td>
            </tr>
            
        </table>
    </td>
    <td>1</td>
    <td>1</td>
    <td>0</td>
    <td>0</td>
    <td>0</td>
    <td>0</td>
        <td>00:00:00.0135094</td>

                        
                    </tr>
                    <tr>
                        <td>
                                    <a href="#t185703841.0">Scenario: [POST] : api/v1/updatecustomer</a>
            <a href="#t185703841.1">retry #1</a>
            <a href="#t185703841.2">retry #2</a>

                        </td>
                        
                            <td>
            0%
    </td>
    <td>
        <table class="timelineview" cellpadding="0" cellspacing="0">
            <tr>
                    <td>
                        <a class="bar colorFailed" 
                           style="width: 199px;" 
                           title="1 failed" 
                                                          href="#error_summary"
                        />
                    </td>
            </tr>
            
        </table>
    </td>
    <td>1 (test executions: 3)</td>
    <td>0</td>
    <td>1</td>
    <td>0</td>
    <td>0</td>
    <td>0</td>
        <td>00:00:00.0180491</td>

                        
                    </tr>
            </table>

        <h2>Execution Details</h2>
            <a name="t279995456.0" />
            <h3>Scenario: [GET] : api/v1/getcustomerbyid?customerId=1 (in ShoppingMe.BDD.Tests, Customers)</h3>
                <div class="description">
                    tags: customers
                </div>
            <ul>
                <li>Status: Succeeded</li>
                <li>Start time: 7/22/2018 6:35:54 PM</li>
                <li>Execution time (sec): 2.4882651</li>
                <li>Thread: #0</li>
            </ul>
            <table class="testEvents">
                <tr>
                    <th>Steps</th>
                    <th>Trace</th>
                    <th>Result</th>
                </tr>
                    <tr>
                        <td>
                            <pre class="log"></pre>
                        </td>
                        <td>
                            <!-- [Initialization: Feature - Customers] -->
                            <pre class="log">-&gt; Using app.config</pre>
                        </td>
                        <td>Succeeded in 0.293s</td>
                    </tr>
                    <tr>
                        <td>
                            <pre class="log">Given I have entered customerId 1</pre>
                        </td>
                        <td>
                            <!-- [TestArrange: Scenario - [GET] : api/v1/getcustomerbyid?customerId=1] -->
                            <pre class="log">done: CustomersSteps.GivenIHaveEnteredCustomerId(1) (0.1s)</pre>
                        </td>
                        <td>Succeeded in 0.24s</td>
                    </tr>
                    <tr>
                        <td>
                            <pre class="log">When I request getcustomerbyId endpoint</pre>
                        </td>
                        <td>
                            <!-- [TestAct: Scenario - [GET] : api/v1/getcustomerbyid?customerId=1] -->
                            <pre class="log">done: CustomersSteps.WhenIRequestGetcustomerbyIdEndpoint() (1.8s)</pre>
                        </td>
                        <td>Succeeded in 1.782s</td>
                    </tr>
                    <tr>
                        <td>
                            <pre class="log">Then the result should be customer details on the screen with 200 status code</pre>
                        </td>
                        <td>
                            <!-- [TestAssert: Scenario - [GET] : api/v1/getcustomerbyid?customerId=1] -->
                            <pre class="log">done: CustomersSteps.ThenTheResultShouldBeCustomerDetailsOnTheScreen(200) (0.2s)</pre>
                        </td>
                        <td>Succeeded in 0.152s</td>
                    </tr>
            </table>
            <a name="t-1554915957.0" />
            <h3>Scenario: [POST] : api/v1/createcustomer (in ShoppingMe.BDD.Tests, Customers)</h3>
                <div class="description">
                    tags: customers
                </div>
            <ul>
                <li>Status: Failed</li>
                <li>Start time: 7/22/2018 6:35:56 PM</li>
                <li>Execution time (sec): 0.2310818</li>
                <li>Thread: #0</li>
                <li>Error: An error occurred while updating the entries. See the inner exception for details. -&gt; An error occurred while updating the entries. See the inner exception for details. -&gt; The conversion of a datetime2 data type to a datetime data type resulted in an out-of-range value.
The statement has been terminated.</li>
            </ul>
            <table class="testEvents">
                <tr>
                    <th>Steps</th>
                    <th>Trace</th>
                    <th>Result</th>
                </tr>
                    <tr>
                        <td>
                            <pre class="log">Given I have entered customer contract object
  --- table step argument ---
  | FirstName | LastName | Email                  | Password  | Mobile     |
  | Pramod    | Swami    | pramod.swami@gmail.com | Pass$#123 | 9890765456 |</pre>
                        </td>
                        <td>
                            <!-- [TestArrange: Scenario - [POST] : api/v1/createcustomer] -->
                            <pre class="log">done: CustomersSteps.GivenIHaveEnteredCustomerContractObject(&lt;table&gt;) (0.0s)</pre>
                        </td>
                        <td>Succeeded in 0.053s</td>
                    </tr>
                    <tr>
                        <td>
                            <pre class="log">When I request createcustomer endpoint</pre>
                        </td>
                        <td>
                            <!-- [TestAct: Scenario - [POST] : api/v1/createcustomer] -->
                            <pre class="log">error: An error occurred while updating the entries. See the inner exception for details.</pre>
                                <div class="errorMessage">An error occurred while updating the entries. See the inner exception for details. -&gt; An error occurred while updating the entries. See the inner exception for details. -&gt; The conversion of a datetime2 data type to a datetime data type resulted in an out-of-range value.
The statement has been terminated.</div>
                                <pre class="stackTrace">System.Data.Entity.Infrastructure.DbUpdateException: An error occurred while updating the entries. See the inner exception for details. ---&gt; System.Data.Entity.Core.UpdateException: An error occurred while updating the entries. See the inner exception for details. ---&gt; System.Data.SqlClient.SqlException: The conversion of a datetime2 data type to a datetime data type resulted in an out-of-range value.
The statement has been terminated.
   at System.Data.SqlClient.SqlConnection.OnError(SqlException exception, Boolean breakConnection, Action`1 wrapCloseInAction)
   at System.Data.SqlClient.SqlInternalConnection.OnError(SqlException exception, Boolean breakConnection, Action`1 wrapCloseInAction)
   at System.Data.SqlClient.TdsParser.ThrowExceptionAndWarning(TdsParserStateObject stateObj, Boolean callerHasConnectionLock, Boolean asyncClose)
   at System.Data.SqlClient.TdsParser.TryRun(RunBehavior runBehavior, SqlCommand cmdHandler, SqlDataReader dataStream, BulkCopySimpleResultSet bulkCopyHandler, TdsParserStateObject stateObj, Boolean&amp; dataReady)
   at System.Data.SqlClient.SqlDataReader.TryConsumeMetaData()
   at System.Data.SqlClient.SqlDataReader.get_MetaData()
   at System.Data.SqlClient.SqlCommand.FinishExecuteReader(SqlDataReader ds, RunBehavior runBehavior, String resetOptionsString, Boolean isInternal, Boolean forDescribeParameterEncryption)
   at System.Data.SqlClient.SqlCommand.RunExecuteReaderTds(CommandBehavior cmdBehavior, RunBehavior runBehavior, Boolean returnStream, Boolean async, Int32 timeout, Task&amp; task, Boolean asyncWrite, Boolean inRetry, SqlDataReader ds, Boolean describeParameterEncryptionRequest)
   at System.Data.SqlClient.SqlCommand.RunExecuteReader(CommandBehavior cmdBehavior, RunBehavior runBehavior, Boolean returnStream, String method, TaskCompletionSource`1 completion, Int32 timeout, Task&amp; task, Boolean&amp; usedCache, Boolean asyncWrite, Boolean inRetry)
   at System.Data.SqlClient.SqlCommand.RunExecuteReader(CommandBehavior cmdBehavior, RunBehavior runBehavior, Boolean returnStream, String method)
   at System.Data.SqlClient.SqlCommand.ExecuteReader(CommandBehavior behavior, String method)
   at System.Data.SqlClient.SqlCommand.ExecuteDbDataReader(CommandBehavior behavior)
   at System.Data.Common.DbCommand.ExecuteReader(CommandBehavior behavior)
   at System.Data.Entity.Infrastructure.Interception.DbCommandDispatcher.&lt;Reader&gt;b__c(DbCommand t, DbCommandInterceptionContext`1 c)
   at System.Data.Entity.Infrastructure.Interception.InternalDispatcher`1.Dispatch[TTarget,TInterceptionContext,TResult](TTarget target, Func`3 operation, TInterceptionContext interceptionContext, Action`3 executing, Action`3 executed)
   at System.Data.Entity.Infrastructure.Interception.DbCommandDispatcher.Reader(DbCommand command, DbCommandInterceptionContext interceptionContext)
   at System.Data.Entity.Internal.InterceptableDbCommand.ExecuteDbDataReader(CommandBehavior behavior)
   at System.Data.Common.DbCommand.ExecuteReader(CommandBehavior behavior)
   at System.Data.Entity.Core.Mapping.Update.Internal.DynamicUpdateCommand.Execute(Dictionary`2 identifierValues, List`1 generatedValues)
   at System.Data.Entity.Core.Mapping.Update.Internal.UpdateTranslator.Update()
   --- End of inner exception stack trace ---
   at System.Data.Entity.Core.Mapping.Update.Internal.UpdateTranslator.Update()
   at System.Data.Entity.Core.EntityClient.Internal.EntityAdapter.&lt;Update&gt;b__2(UpdateTranslator ut)
   at System.Data.Entity.Core.EntityClient.Internal.EntityAdapter.Update[T](T noChangesResult, Func`2 updateFunction)
   at System.Data.Entity.Core.EntityClient.Internal.EntityAdapter.Update()
   at System.Data.Entity.Core.Objects.ObjectContext.&lt;SaveChangesToStore&gt;b__35()
   at System.Data.Entity.Core.Objects.ObjectContext.ExecuteInTransaction[T](Func`1 func, IDbExecutionStrategy executionStrategy, Boolean startLocalTransaction, Boolean releaseConnectionOnSuccess)
   at System.Data.Entity.Core.Objects.ObjectContext.SaveChangesToStore(SaveOptions options, IDbExecutionStrategy executionStrategy, Boolean startLocalTransaction)
   at System.Data.Entity.Core.Objects.ObjectContext.&lt;&gt;c__DisplayClass2a.&lt;SaveChangesInternal&gt;b__27()
   at System.Data.Entity.SqlServer.DefaultSqlExecutionStrategy.Execute[TResult](Func`1 operation)
   at System.Data.Entity.Core.Objects.ObjectContext.SaveChangesInternal(SaveOptions options, Boolean executeInExistingTransaction)
   at System.Data.Entity.Core.Objects.ObjectContext.SaveChanges(SaveOptions options)
   at System.Data.Entity.Internal.InternalContext.SaveChanges()
   --- End of inner exception stack trace ---
   at System.Data.Entity.Internal.InternalContext.SaveChanges()
   at System.Data.Entity.Internal.LazyInternalContext.SaveChanges()
   at System.Data.Entity.DbContext.SaveChanges()
   at DataAccess.CustomerRepository.Add(Customer obj) in c:\Solutions\POC\WebApp\DataAccess\CustomerRepository.cs:line 20
   at ShoppingMe.Controllers.CustomerController.CreateCustomer(CustomerContract customerContract) in c:\Solutions\POC\WebApp\ShoppingMe\Controllers\CustomerController.cs:line 58
   at ShoppingMe.BDD.Tests.Features.CustomersSteps.WhenIRequestCreatecustomerEndpoint() in c:\Solutions\POC\WebApp\ShoppingMe.BDD.Tests\Features\CustomersSteps.cs:line 66
   at lambda_method(Closure , IContextManager )
   at TechTalk.SpecFlow.Bindings.BindingInvoker.InvokeBinding(IBinding binding, IContextManager contextManager, Object[] arguments, ITestTracer testTracer, TimeSpan&amp; duration)
   at TechTalk.SpecFlow.Infrastructure.TestExecutionEngine.ExecuteStepMatch(BindingMatch match, Object[] arguments)
   at TechTalk.SpecRun.SpecFlowPlugin.Runtime.RunnerTestExecutionEngine.ExecuteStepMatch(BindingMatch match, Object[] arguments)
   at TechTalk.SpecFlow.Infrastructure.TestExecutionEngine.ExecuteStep(IContextManager contextManager, StepInstance stepInstance)
   at TechTalk.SpecFlow.Infrastructure.TestExecutionEngine.OnAfterLastStep()
   at TechTalk.SpecFlow.TestRunner.CollectScenarioErrors()
   at ShoppingMe.BDD.Tests.CustomersFeature.ScenarioCleanup() in c:\Solutions\POC\WebApp\ShoppingMe.BDD.Tests\Customers.feature.cs:line 0
   at ShoppingMe.BDD.Tests.CustomersFeature.POSTApiV1Createcustomer() in c:\Solutions\POC\WebApp\ShoppingMe.BDD.Tests\Customers.feature:line 17
   at TechTalk.SpecRun.Framework.TaskExecutors.StaticOrInstanceMethodExecutor.ExecuteInternal(ITestThreadExecutionContext testThreadExecutionContext)
   at TechTalk.SpecRun.Framework.TaskExecutors.StaticOrInstanceMethodExecutor.Execute(ITestThreadExecutionContext testThreadExecutionContext)
   at TechTalk.SpecRun.Framework.TestAssemblyExecutor.ExecuteTestNodeTask(TestNode testNode, ITaskExecutor task, TraceEventType eventType)</pre>
                        </td>
                        <td>Failed in 0.17s</td>
                    </tr>
                    <tr>
                        <td>
                            <pre class="log">Then the result should be true on the screen with 200 status code</pre>
                        </td>
                        <td>
                            <!-- [TestAssert: Scenario - [POST] : api/v1/createcustomer] -->
                            <pre class="log">skipped because of previous errors</pre>
                        </td>
                        <td>Skipped in 0.005s</td>
                    </tr>
            </table>
            <a name="t-1554915957.1" />
            <h3>Scenario: [POST] : api/v1/createcustomer (in ShoppingMe.BDD.Tests, Customers) retry #1</h3>
                <div class="description">
                    tags: customers
                </div>
            <ul>
                <li>Status: Failed</li>
                <li>Start time: 7/22/2018 6:35:56 PM</li>
                <li>Execution time (sec): 0.0080481</li>
                <li>Thread: #0</li>
                <li>Error: An error occurred while updating the entries. See the inner exception for details. -&gt; An error occurred while updating the entries. See the inner exception for details. -&gt; The conversion of a datetime2 data type to a datetime data type resulted in an out-of-range value.
The statement has been terminated.</li>
            </ul>
            <table class="testEvents">
                <tr>
                    <th>Steps</th>
                    <th>Trace</th>
                    <th>Result</th>
                </tr>
                    <tr>
                        <td>
                            <pre class="log">Given I have entered customer contract object
  --- table step argument ---
  | FirstName | LastName | Email                  | Password  | Mobile     |
  | Pramod    | Swami    | pramod.swami@gmail.com | Pass$#123 | 9890765456 |</pre>
                        </td>
                        <td>
                            <!-- [TestArrange: Scenario - [POST] : api/v1/createcustomer] -->
                            <pre class="log">done: CustomersSteps.GivenIHaveEnteredCustomerContractObject(&lt;table&gt;) (0.0s)</pre>
                        </td>
                        <td>Succeeded in 0.002s</td>
                    </tr>
                    <tr>
                        <td>
                            <pre class="log">When I request createcustomer endpoint</pre>
                        </td>
                        <td>
                            <!-- [TestAct: Scenario - [POST] : api/v1/createcustomer] -->
                            <pre class="log">error: An error occurred while updating the entries. See the inner exception for details.</pre>
                                <div class="errorMessage">An error occurred while updating the entries. See the inner exception for details. -&gt; An error occurred while updating the entries. See the inner exception for details. -&gt; The conversion of a datetime2 data type to a datetime data type resulted in an out-of-range value.
The statement has been terminated.</div>
                                <pre class="stackTrace">System.Data.Entity.Infrastructure.DbUpdateException: An error occurred while updating the entries. See the inner exception for details. ---&gt; System.Data.Entity.Core.UpdateException: An error occurred while updating the entries. See the inner exception for details. ---&gt; System.Data.SqlClient.SqlException: The conversion of a datetime2 data type to a datetime data type resulted in an out-of-range value.
The statement has been terminated.
   at System.Data.SqlClient.SqlConnection.OnError(SqlException exception, Boolean breakConnection, Action`1 wrapCloseInAction)
   at System.Data.SqlClient.SqlInternalConnection.OnError(SqlException exception, Boolean breakConnection, Action`1 wrapCloseInAction)
   at System.Data.SqlClient.TdsParser.ThrowExceptionAndWarning(TdsParserStateObject stateObj, Boolean callerHasConnectionLock, Boolean asyncClose)
   at System.Data.SqlClient.TdsParser.TryRun(RunBehavior runBehavior, SqlCommand cmdHandler, SqlDataReader dataStream, BulkCopySimpleResultSet bulkCopyHandler, TdsParserStateObject stateObj, Boolean&amp; dataReady)
   at System.Data.SqlClient.SqlDataReader.TryConsumeMetaData()
   at System.Data.SqlClient.SqlDataReader.get_MetaData()
   at System.Data.SqlClient.SqlCommand.FinishExecuteReader(SqlDataReader ds, RunBehavior runBehavior, String resetOptionsString, Boolean isInternal, Boolean forDescribeParameterEncryption)
   at System.Data.SqlClient.SqlCommand.RunExecuteReaderTds(CommandBehavior cmdBehavior, RunBehavior runBehavior, Boolean returnStream, Boolean async, Int32 timeout, Task&amp; task, Boolean asyncWrite, Boolean inRetry, SqlDataReader ds, Boolean describeParameterEncryptionRequest)
   at System.Data.SqlClient.SqlCommand.RunExecuteReader(CommandBehavior cmdBehavior, RunBehavior runBehavior, Boolean returnStream, String method, TaskCompletionSource`1 completion, Int32 timeout, Task&amp; task, Boolean&amp; usedCache, Boolean asyncWrite, Boolean inRetry)
   at System.Data.SqlClient.SqlCommand.RunExecuteReader(CommandBehavior cmdBehavior, RunBehavior runBehavior, Boolean returnStream, String method)
   at System.Data.SqlClient.SqlCommand.ExecuteReader(CommandBehavior behavior, String method)
   at System.Data.SqlClient.SqlCommand.ExecuteDbDataReader(CommandBehavior behavior)
   at System.Data.Common.DbCommand.ExecuteReader(CommandBehavior behavior)
   at System.Data.Entity.Infrastructure.Interception.DbCommandDispatcher.&lt;Reader&gt;b__c(DbCommand t, DbCommandInterceptionContext`1 c)
   at System.Data.Entity.Infrastructure.Interception.InternalDispatcher`1.Dispatch[TTarget,TInterceptionContext,TResult](TTarget target, Func`3 operation, TInterceptionContext interceptionContext, Action`3 executing, Action`3 executed)
   at System.Data.Entity.Infrastructure.Interception.DbCommandDispatcher.Reader(DbCommand command, DbCommandInterceptionContext interceptionContext)
   at System.Data.Entity.Internal.InterceptableDbCommand.ExecuteDbDataReader(CommandBehavior behavior)
   at System.Data.Common.DbCommand.ExecuteReader(CommandBehavior behavior)
   at System.Data.Entity.Core.Mapping.Update.Internal.DynamicUpdateCommand.Execute(Dictionary`2 identifierValues, List`1 generatedValues)
   at System.Data.Entity.Core.Mapping.Update.Internal.UpdateTranslator.Update()
   --- End of inner exception stack trace ---
   at System.Data.Entity.Core.Mapping.Update.Internal.UpdateTranslator.Update()
   at System.Data.Entity.Core.EntityClient.Internal.EntityAdapter.&lt;Update&gt;b__2(UpdateTranslator ut)
   at System.Data.Entity.Core.EntityClient.Internal.EntityAdapter.Update[T](T noChangesResult, Func`2 updateFunction)
   at System.Data.Entity.Core.EntityClient.Internal.EntityAdapter.Update()
   at System.Data.Entity.Core.Objects.ObjectContext.&lt;SaveChangesToStore&gt;b__35()
   at System.Data.Entity.Core.Objects.ObjectContext.ExecuteInTransaction[T](Func`1 func, IDbExecutionStrategy executionStrategy, Boolean startLocalTransaction, Boolean releaseConnectionOnSuccess)
   at System.Data.Entity.Core.Objects.ObjectContext.SaveChangesToStore(SaveOptions options, IDbExecutionStrategy executionStrategy, Boolean startLocalTransaction)
   at System.Data.Entity.Core.Objects.ObjectContext.&lt;&gt;c__DisplayClass2a.&lt;SaveChangesInternal&gt;b__27()
   at System.Data.Entity.SqlServer.DefaultSqlExecutionStrategy.Execute[TResult](Func`1 operation)
   at System.Data.Entity.Core.Objects.ObjectContext.SaveChangesInternal(SaveOptions options, Boolean executeInExistingTransaction)
   at System.Data.Entity.Core.Objects.ObjectContext.SaveChanges(SaveOptions options)
   at System.Data.Entity.Internal.InternalContext.SaveChanges()
   --- End of inner exception stack trace ---
   at System.Data.Entity.Internal.InternalContext.SaveChanges()
   at System.Data.Entity.Internal.LazyInternalContext.SaveChanges()
   at System.Data.Entity.DbContext.SaveChanges()
   at DataAccess.CustomerRepository.Add(Customer obj) in c:\Solutions\POC\WebApp\DataAccess\CustomerRepository.cs:line 20
   at ShoppingMe.Controllers.CustomerController.CreateCustomer(CustomerContract customerContract) in c:\Solutions\POC\WebApp\ShoppingMe\Controllers\CustomerController.cs:line 58
   at ShoppingMe.BDD.Tests.Features.CustomersSteps.WhenIRequestCreatecustomerEndpoint() in c:\Solutions\POC\WebApp\ShoppingMe.BDD.Tests\Features\CustomersSteps.cs:line 66
   at lambda_method(Closure , IContextManager )
   at TechTalk.SpecFlow.Bindings.BindingInvoker.InvokeBinding(IBinding binding, IContextManager contextManager, Object[] arguments, ITestTracer testTracer, TimeSpan&amp; duration)
   at TechTalk.SpecFlow.Infrastructure.TestExecutionEngine.ExecuteStepMatch(BindingMatch match, Object[] arguments)
   at TechTalk.SpecRun.SpecFlowPlugin.Runtime.RunnerTestExecutionEngine.ExecuteStepMatch(BindingMatch match, Object[] arguments)
   at TechTalk.SpecFlow.Infrastructure.TestExecutionEngine.ExecuteStep(IContextManager contextManager, StepInstance stepInstance)
   at TechTalk.SpecFlow.Infrastructure.TestExecutionEngine.OnAfterLastStep()
   at TechTalk.SpecFlow.TestRunner.CollectScenarioErrors()
   at ShoppingMe.BDD.Tests.CustomersFeature.ScenarioCleanup() in c:\Solutions\POC\WebApp\ShoppingMe.BDD.Tests\Customers.feature.cs:line 0
   at ShoppingMe.BDD.Tests.CustomersFeature.POSTApiV1Createcustomer() in c:\Solutions\POC\WebApp\ShoppingMe.BDD.Tests\Customers.feature:line 17
   at TechTalk.SpecRun.Framework.TaskExecutors.StaticOrInstanceMethodExecutor.ExecuteInternal(ITestThreadExecutionContext testThreadExecutionContext)
   at TechTalk.SpecRun.Framework.TaskExecutors.StaticOrInstanceMethodExecutor.Execute(ITestThreadExecutionContext testThreadExecutionContext)
   at TechTalk.SpecRun.Framework.TestAssemblyExecutor.ExecuteTestNodeTask(TestNode testNode, ITaskExecutor task, TraceEventType eventType)</pre>
                        </td>
                        <td>Failed in 0.004s</td>
                    </tr>
                    <tr>
                        <td>
                            <pre class="log">Then the result should be true on the screen with 200 status code</pre>
                        </td>
                        <td>
                            <!-- [TestAssert: Scenario - [POST] : api/v1/createcustomer] -->
                            <pre class="log">skipped because of previous errors</pre>
                        </td>
                        <td>Skipped in 0s</td>
                    </tr>
            </table>
            <a name="t-1554915957.2" />
            <h3>Scenario: [POST] : api/v1/createcustomer (in ShoppingMe.BDD.Tests, Customers) retry #2</h3>
                <div class="description">
                    tags: customers
                </div>
            <ul>
                <li>Status: Failed</li>
                <li>Start time: 7/22/2018 6:35:56 PM</li>
                <li>Execution time (sec): 0.0065295</li>
                <li>Thread: #0</li>
                <li>Error: An error occurred while updating the entries. See the inner exception for details. -&gt; An error occurred while updating the entries. See the inner exception for details. -&gt; The conversion of a datetime2 data type to a datetime data type resulted in an out-of-range value.
The statement has been terminated.</li>
            </ul>
            <table class="testEvents">
                <tr>
                    <th>Steps</th>
                    <th>Trace</th>
                    <th>Result</th>
                </tr>
                    <tr>
                        <td>
                            <pre class="log">Given I have entered customer contract object
  --- table step argument ---
  | FirstName | LastName | Email                  | Password  | Mobile     |
  | Pramod    | Swami    | pramod.swami@gmail.com | Pass$#123 | 9890765456 |</pre>
                        </td>
                        <td>
                            <!-- [TestArrange: Scenario - [POST] : api/v1/createcustomer] -->
                            <pre class="log">done: CustomersSteps.GivenIHaveEnteredCustomerContractObject(&lt;table&gt;) (0.0s)</pre>
                        </td>
                        <td>Succeeded in 0.002s</td>
                    </tr>
                    <tr>
                        <td>
                            <pre class="log">When I request createcustomer endpoint</pre>
                        </td>
                        <td>
                            <!-- [TestAct: Scenario - [POST] : api/v1/createcustomer] -->
                            <pre class="log">error: An error occurred while updating the entries. See the inner exception for details.</pre>
                                <div class="errorMessage">An error occurred while updating the entries. See the inner exception for details. -&gt; An error occurred while updating the entries. See the inner exception for details. -&gt; The conversion of a datetime2 data type to a datetime data type resulted in an out-of-range value.
The statement has been terminated.</div>
                                <pre class="stackTrace">System.Data.Entity.Infrastructure.DbUpdateException: An error occurred while updating the entries. See the inner exception for details. ---&gt; System.Data.Entity.Core.UpdateException: An error occurred while updating the entries. See the inner exception for details. ---&gt; System.Data.SqlClient.SqlException: The conversion of a datetime2 data type to a datetime data type resulted in an out-of-range value.
The statement has been terminated.
   at System.Data.SqlClient.SqlConnection.OnError(SqlException exception, Boolean breakConnection, Action`1 wrapCloseInAction)
   at System.Data.SqlClient.SqlInternalConnection.OnError(SqlException exception, Boolean breakConnection, Action`1 wrapCloseInAction)
   at System.Data.SqlClient.TdsParser.ThrowExceptionAndWarning(TdsParserStateObject stateObj, Boolean callerHasConnectionLock, Boolean asyncClose)
   at System.Data.SqlClient.TdsParser.TryRun(RunBehavior runBehavior, SqlCommand cmdHandler, SqlDataReader dataStream, BulkCopySimpleResultSet bulkCopyHandler, TdsParserStateObject stateObj, Boolean&amp; dataReady)
   at System.Data.SqlClient.SqlDataReader.TryConsumeMetaData()
   at System.Data.SqlClient.SqlDataReader.get_MetaData()
   at System.Data.SqlClient.SqlCommand.FinishExecuteReader(SqlDataReader ds, RunBehavior runBehavior, String resetOptionsString, Boolean isInternal, Boolean forDescribeParameterEncryption)
   at System.Data.SqlClient.SqlCommand.RunExecuteReaderTds(CommandBehavior cmdBehavior, RunBehavior runBehavior, Boolean returnStream, Boolean async, Int32 timeout, Task&amp; task, Boolean asyncWrite, Boolean inRetry, SqlDataReader ds, Boolean describeParameterEncryptionRequest)
   at System.Data.SqlClient.SqlCommand.RunExecuteReader(CommandBehavior cmdBehavior, RunBehavior runBehavior, Boolean returnStream, String method, TaskCompletionSource`1 completion, Int32 timeout, Task&amp; task, Boolean&amp; usedCache, Boolean asyncWrite, Boolean inRetry)
   at System.Data.SqlClient.SqlCommand.RunExecuteReader(CommandBehavior cmdBehavior, RunBehavior runBehavior, Boolean returnStream, String method)
   at System.Data.SqlClient.SqlCommand.ExecuteReader(CommandBehavior behavior, String method)
   at System.Data.SqlClient.SqlCommand.ExecuteDbDataReader(CommandBehavior behavior)
   at System.Data.Common.DbCommand.ExecuteReader(CommandBehavior behavior)
   at System.Data.Entity.Infrastructure.Interception.DbCommandDispatcher.&lt;Reader&gt;b__c(DbCommand t, DbCommandInterceptionContext`1 c)
   at System.Data.Entity.Infrastructure.Interception.InternalDispatcher`1.Dispatch[TTarget,TInterceptionContext,TResult](TTarget target, Func`3 operation, TInterceptionContext interceptionContext, Action`3 executing, Action`3 executed)
   at System.Data.Entity.Infrastructure.Interception.DbCommandDispatcher.Reader(DbCommand command, DbCommandInterceptionContext interceptionContext)
   at System.Data.Entity.Internal.InterceptableDbCommand.ExecuteDbDataReader(CommandBehavior behavior)
   at System.Data.Common.DbCommand.ExecuteReader(CommandBehavior behavior)
   at System.Data.Entity.Core.Mapping.Update.Internal.DynamicUpdateCommand.Execute(Dictionary`2 identifierValues, List`1 generatedValues)
   at System.Data.Entity.Core.Mapping.Update.Internal.UpdateTranslator.Update()
   --- End of inner exception stack trace ---
   at System.Data.Entity.Core.Mapping.Update.Internal.UpdateTranslator.Update()
   at System.Data.Entity.Core.EntityClient.Internal.EntityAdapter.&lt;Update&gt;b__2(UpdateTranslator ut)
   at System.Data.Entity.Core.EntityClient.Internal.EntityAdapter.Update[T](T noChangesResult, Func`2 updateFunction)
   at System.Data.Entity.Core.EntityClient.Internal.EntityAdapter.Update()
   at System.Data.Entity.Core.Objects.ObjectContext.&lt;SaveChangesToStore&gt;b__35()
   at System.Data.Entity.Core.Objects.ObjectContext.ExecuteInTransaction[T](Func`1 func, IDbExecutionStrategy executionStrategy, Boolean startLocalTransaction, Boolean releaseConnectionOnSuccess)
   at System.Data.Entity.Core.Objects.ObjectContext.SaveChangesToStore(SaveOptions options, IDbExecutionStrategy executionStrategy, Boolean startLocalTransaction)
   at System.Data.Entity.Core.Objects.ObjectContext.&lt;&gt;c__DisplayClass2a.&lt;SaveChangesInternal&gt;b__27()
   at System.Data.Entity.SqlServer.DefaultSqlExecutionStrategy.Execute[TResult](Func`1 operation)
   at System.Data.Entity.Core.Objects.ObjectContext.SaveChangesInternal(SaveOptions options, Boolean executeInExistingTransaction)
   at System.Data.Entity.Core.Objects.ObjectContext.SaveChanges(SaveOptions options)
   at System.Data.Entity.Internal.InternalContext.SaveChanges()
   --- End of inner exception stack trace ---
   at System.Data.Entity.Internal.InternalContext.SaveChanges()
   at System.Data.Entity.Internal.LazyInternalContext.SaveChanges()
   at System.Data.Entity.DbContext.SaveChanges()
   at DataAccess.CustomerRepository.Add(Customer obj) in c:\Solutions\POC\WebApp\DataAccess\CustomerRepository.cs:line 20
   at ShoppingMe.Controllers.CustomerController.CreateCustomer(CustomerContract customerContract) in c:\Solutions\POC\WebApp\ShoppingMe\Controllers\CustomerController.cs:line 58
   at ShoppingMe.BDD.Tests.Features.CustomersSteps.WhenIRequestCreatecustomerEndpoint() in c:\Solutions\POC\WebApp\ShoppingMe.BDD.Tests\Features\CustomersSteps.cs:line 66
   at lambda_method(Closure , IContextManager )
   at TechTalk.SpecFlow.Bindings.BindingInvoker.InvokeBinding(IBinding binding, IContextManager contextManager, Object[] arguments, ITestTracer testTracer, TimeSpan&amp; duration)
   at TechTalk.SpecFlow.Infrastructure.TestExecutionEngine.ExecuteStepMatch(BindingMatch match, Object[] arguments)
   at TechTalk.SpecRun.SpecFlowPlugin.Runtime.RunnerTestExecutionEngine.ExecuteStepMatch(BindingMatch match, Object[] arguments)
   at TechTalk.SpecFlow.Infrastructure.TestExecutionEngine.ExecuteStep(IContextManager contextManager, StepInstance stepInstance)
   at TechTalk.SpecFlow.Infrastructure.TestExecutionEngine.OnAfterLastStep()
   at TechTalk.SpecFlow.TestRunner.CollectScenarioErrors()
   at ShoppingMe.BDD.Tests.CustomersFeature.ScenarioCleanup() in c:\Solutions\POC\WebApp\ShoppingMe.BDD.Tests\Customers.feature.cs:line 0
   at ShoppingMe.BDD.Tests.CustomersFeature.POSTApiV1Createcustomer() in c:\Solutions\POC\WebApp\ShoppingMe.BDD.Tests\Customers.feature:line 17
   at TechTalk.SpecRun.Framework.TaskExecutors.StaticOrInstanceMethodExecutor.ExecuteInternal(ITestThreadExecutionContext testThreadExecutionContext)
   at TechTalk.SpecRun.Framework.TaskExecutors.StaticOrInstanceMethodExecutor.Execute(ITestThreadExecutionContext testThreadExecutionContext)
   at TechTalk.SpecRun.Framework.TestAssemblyExecutor.ExecuteTestNodeTask(TestNode testNode, ITaskExecutor task, TraceEventType eventType)</pre>
                        </td>
                        <td>Failed in 0.003s</td>
                    </tr>
                    <tr>
                        <td>
                            <pre class="log">Then the result should be true on the screen with 200 status code</pre>
                        </td>
                        <td>
                            <!-- [TestAssert: Scenario - [POST] : api/v1/createcustomer] -->
                            <pre class="log">skipped because of previous errors</pre>
                        </td>
                        <td>Skipped in 0s</td>
                    </tr>
            </table>
            <a name="t116447434.0" />
            <h3>Scenario: [POST] : api/v1/createcustomer : while mobile number as string. It shold be bad request (in ShoppingMe.BDD.Tests, Customers)</h3>
                <div class="description">
                    tags: negative
                </div>
            <ul>
                <li>Status: Succeeded</li>
                <li>Start time: 7/22/2018 6:35:56 PM</li>
                <li>Execution time (sec): 0.0135094</li>
                <li>Thread: #0</li>
            </ul>
            <table class="testEvents">
                <tr>
                    <th>Steps</th>
                    <th>Trace</th>
                    <th>Result</th>
                </tr>
                    <tr>
                        <td>
                            <pre class="log">Given I have entered customer contract object
  --- table step argument ---
  | FirstName | LastName | Email                  | Password  | Mobile  |
  | Pramod    | Swami    | pramod.swami@gmail.com | Pass$#123 | hfhf133 |</pre>
                        </td>
                        <td>
                            <!-- [TestArrange: Scenario - [POST] : api/v1/createcustomer : while mobile number as string. It shold be bad request] -->
                            <pre class="log">done: CustomersSteps.GivenIHaveEnteredCustomerContractObject(&lt;table&gt;) (0.0s)</pre>
                        </td>
                        <td>Succeeded in 0.006s</td>
                    </tr>
                    <tr>
                        <td>
                            <pre class="log">When I request createcustomer endpoint</pre>
                        </td>
                        <td>
                            <!-- [TestAct: Scenario - [POST] : api/v1/createcustomer : while mobile number as string. It shold be bad request] -->
                            <pre class="log">done: CustomersSteps.WhenIRequestCreatecustomerEndpoint() (0.0s)</pre>
                        </td>
                        <td>Succeeded in 0.002s</td>
                    </tr>
                    <tr>
                        <td>
                            <pre class="log">Then the result should be false on the screen with 400 status code</pre>
                        </td>
                        <td>
                            <!-- [TestAssert: Scenario - [POST] : api/v1/createcustomer : while mobile number as string. It shold be bad request] -->
                            <pre class="log">done: CustomersSteps.ThenTheResultShouldBeTrueOnTheScreenWithStatusCode(False, 400) (0.0s)</pre>
                        </td>
                        <td>Succeeded in 0.004s</td>
                    </tr>
            </table>
            <a name="t185703841.0" />
            <h3>Scenario: [POST] : api/v1/updatecustomer (in ShoppingMe.BDD.Tests, Customers)</h3>
                <div class="description">
                    tags: customers
                </div>
            <ul>
                <li>Status: Failed</li>
                <li>Start time: 7/22/2018 6:35:56 PM</li>
                <li>Execution time (sec): 0.0050132</li>
                <li>Thread: #0</li>
                <li>Error: Parameter count mismatch! The binding method &#39;ShoppingMe.BDD.Tests:ShoppingMe.BDD.Tests.Features.CustomersSteps.GivenIHaveEnteredCustomerId(Int32)&#39; should have 2 parameters</li>
            </ul>
            <table class="testEvents">
                <tr>
                    <th>Steps</th>
                    <th>Trace</th>
                    <th>Result</th>
                </tr>
                    <tr>
                        <td>
                            <pre class="log">Given I have entered customerId 1
  --- table step argument ---
  | FirstName | LastName | Email                  | Password  | Mobile     |
  | Sarita    | Swami    | pramod.swami@gmail.com | Pass$#123 | 9890765456 |</pre>
                        </td>
                        <td>
                            <!-- [TestArrange: Scenario - [POST] : api/v1/updatecustomer] -->
                            <pre class="log">binding error: Parameter count mismatch! The binding method &#39;ShoppingMe.BDD.Tests:ShoppingMe.BDD.Tests.Features.CustomersSteps.GivenIHaveEnteredCustomerId(Int32)&#39; should have 2 parameters</pre>
                        </td>
                        <td>Succeeded in 0.002s</td>
                    </tr>
                    <tr>
                        <td>
                            <pre class="log">When I request createcustomer endpoint</pre>
                        </td>
                        <td>
                            <!-- [TestAct: Scenario - [POST] : api/v1/updatecustomer] -->
                            <pre class="log">skipped because of previous errors</pre>
                        </td>
                        <td>Skipped in 0s</td>
                    </tr>
                    <tr>
                        <td>
                            <pre class="log">Then the result should be true on the screen with 200 status code</pre>
                        </td>
                        <td>
                            <!-- [TestAssert: Scenario - [POST] : api/v1/updatecustomer] -->
                            <pre class="log">skipped because of previous errors</pre>
                                <div class="errorMessage">Parameter count mismatch! The binding method &#39;ShoppingMe.BDD.Tests:ShoppingMe.BDD.Tests.Features.CustomersSteps.GivenIHaveEnteredCustomerId(Int32)&#39; should have 2 parameters</div>
                                <pre class="stackTrace">TechTalk.SpecFlow.BindingException: Parameter count mismatch! The binding method &#39;ShoppingMe.BDD.Tests:ShoppingMe.BDD.Tests.Features.CustomersSteps.GivenIHaveEnteredCustomerId(Int32)&#39; should have 2 parameters
   at TechTalk.SpecFlow.Infrastructure.TestExecutionEngine.GetExecuteArguments(BindingMatch match)
   at TechTalk.SpecFlow.Infrastructure.TestExecutionEngine.ExecuteStep(IContextManager contextManager, StepInstance stepInstance)
   at TechTalk.SpecFlow.Infrastructure.TestExecutionEngine.OnAfterLastStep()
   at TechTalk.SpecFlow.TestRunner.CollectScenarioErrors()
   at ShoppingMe.BDD.Tests.CustomersFeature.ScenarioCleanup() in c:\Solutions\POC\WebApp\ShoppingMe.BDD.Tests\Customers.feature.cs:line 0
   at ShoppingMe.BDD.Tests.CustomersFeature.POSTApiV1Updatecustomer() in c:\Solutions\POC\WebApp\ShoppingMe.BDD.Tests\Customers.feature:line 33
   at TechTalk.SpecRun.Framework.TaskExecutors.StaticOrInstanceMethodExecutor.ExecuteInternal(ITestThreadExecutionContext testThreadExecutionContext)
   at TechTalk.SpecRun.Framework.TaskExecutors.StaticOrInstanceMethodExecutor.Execute(ITestThreadExecutionContext testThreadExecutionContext)
   at TechTalk.SpecRun.Framework.TestAssemblyExecutor.ExecuteTestNodeTask(TestNode testNode, ITaskExecutor task, TraceEventType eventType)</pre>
                        </td>
                        <td>Skipped in 0.001s</td>
                    </tr>
            </table>
            <a name="t185703841.1" />
            <h3>Scenario: [POST] : api/v1/updatecustomer (in ShoppingMe.BDD.Tests, Customers) retry #1</h3>
                <div class="description">
                    tags: customers
                </div>
            <ul>
                <li>Status: Failed</li>
                <li>Start time: 7/22/2018 6:35:56 PM</li>
                <li>Execution time (sec): 0.0050132</li>
                <li>Thread: #0</li>
                <li>Error: Parameter count mismatch! The binding method &#39;ShoppingMe.BDD.Tests:ShoppingMe.BDD.Tests.Features.CustomersSteps.GivenIHaveEnteredCustomerId(Int32)&#39; should have 2 parameters</li>
            </ul>
            <table class="testEvents">
                <tr>
                    <th>Steps</th>
                    <th>Trace</th>
                    <th>Result</th>
                </tr>
                    <tr>
                        <td>
                            <pre class="log">Given I have entered customerId 1
  --- table step argument ---
  | FirstName | LastName | Email                  | Password  | Mobile     |
  | Sarita    | Swami    | pramod.swami@gmail.com | Pass$#123 | 9890765456 |</pre>
                        </td>
                        <td>
                            <!-- [TestArrange: Scenario - [POST] : api/v1/updatecustomer] -->
                            <pre class="log">binding error: Parameter count mismatch! The binding method &#39;ShoppingMe.BDD.Tests:ShoppingMe.BDD.Tests.Features.CustomersSteps.GivenIHaveEnteredCustomerId(Int32)&#39; should have 2 parameters</pre>
                        </td>
                        <td>Succeeded in 0.001s</td>
                    </tr>
                    <tr>
                        <td>
                            <pre class="log">When I request createcustomer endpoint</pre>
                        </td>
                        <td>
                            <!-- [TestAct: Scenario - [POST] : api/v1/updatecustomer] -->
                            <pre class="log">skipped because of previous errors</pre>
                        </td>
                        <td>Skipped in 0.001s</td>
                    </tr>
                    <tr>
                        <td>
                            <pre class="log">Then the result should be true on the screen with 200 status code</pre>
                        </td>
                        <td>
                            <!-- [TestAssert: Scenario - [POST] : api/v1/updatecustomer] -->
                            <pre class="log">skipped because of previous errors</pre>
                                <div class="errorMessage">Parameter count mismatch! The binding method &#39;ShoppingMe.BDD.Tests:ShoppingMe.BDD.Tests.Features.CustomersSteps.GivenIHaveEnteredCustomerId(Int32)&#39; should have 2 parameters</div>
                                <pre class="stackTrace">TechTalk.SpecFlow.BindingException: Parameter count mismatch! The binding method &#39;ShoppingMe.BDD.Tests:ShoppingMe.BDD.Tests.Features.CustomersSteps.GivenIHaveEnteredCustomerId(Int32)&#39; should have 2 parameters
   at TechTalk.SpecFlow.Infrastructure.TestExecutionEngine.GetExecuteArguments(BindingMatch match)
   at TechTalk.SpecFlow.Infrastructure.TestExecutionEngine.ExecuteStep(IContextManager contextManager, StepInstance stepInstance)
   at TechTalk.SpecFlow.Infrastructure.TestExecutionEngine.OnAfterLastStep()
   at TechTalk.SpecFlow.TestRunner.CollectScenarioErrors()
   at ShoppingMe.BDD.Tests.CustomersFeature.ScenarioCleanup() in c:\Solutions\POC\WebApp\ShoppingMe.BDD.Tests\Customers.feature.cs:line 0
   at ShoppingMe.BDD.Tests.CustomersFeature.POSTApiV1Updatecustomer() in c:\Solutions\POC\WebApp\ShoppingMe.BDD.Tests\Customers.feature:line 33
   at TechTalk.SpecRun.Framework.TaskExecutors.StaticOrInstanceMethodExecutor.ExecuteInternal(ITestThreadExecutionContext testThreadExecutionContext)
   at TechTalk.SpecRun.Framework.TaskExecutors.StaticOrInstanceMethodExecutor.Execute(ITestThreadExecutionContext testThreadExecutionContext)
   at TechTalk.SpecRun.Framework.TestAssemblyExecutor.ExecuteTestNodeTask(TestNode testNode, ITaskExecutor task, TraceEventType eventType)</pre>
                        </td>
                        <td>Skipped in 0s</td>
                    </tr>
            </table>
            <a name="t185703841.2" />
            <h3>Scenario: [POST] : api/v1/updatecustomer (in ShoppingMe.BDD.Tests, Customers) retry #2</h3>
                <div class="description">
                    tags: customers
                </div>
            <ul>
                <li>Status: Failed</li>
                <li>Start time: 7/22/2018 6:35:56 PM</li>
                <li>Execution time (sec): 0.0080227</li>
                <li>Thread: #0</li>
                <li>Error: Parameter count mismatch! The binding method &#39;ShoppingMe.BDD.Tests:ShoppingMe.BDD.Tests.Features.CustomersSteps.GivenIHaveEnteredCustomerId(Int32)&#39; should have 2 parameters</li>
            </ul>
            <table class="testEvents">
                <tr>
                    <th>Steps</th>
                    <th>Trace</th>
                    <th>Result</th>
                </tr>
                    <tr>
                        <td>
                            <pre class="log">Given I have entered customerId 1
  --- table step argument ---
  | FirstName | LastName | Email                  | Password  | Mobile     |
  | Sarita    | Swami    | pramod.swami@gmail.com | Pass$#123 | 9890765456 |</pre>
                        </td>
                        <td>
                            <!-- [TestArrange: Scenario - [POST] : api/v1/updatecustomer] -->
                            <pre class="log">binding error: Parameter count mismatch! The binding method &#39;ShoppingMe.BDD.Tests:ShoppingMe.BDD.Tests.Features.CustomersSteps.GivenIHaveEnteredCustomerId(Int32)&#39; should have 2 parameters</pre>
                        </td>
                        <td>Succeeded in 0.001s</td>
                    </tr>
                    <tr>
                        <td>
                            <pre class="log">When I request createcustomer endpoint</pre>
                        </td>
                        <td>
                            <!-- [TestAct: Scenario - [POST] : api/v1/updatecustomer] -->
                            <pre class="log">skipped because of previous errors</pre>
                        </td>
                        <td>Skipped in 0.001s</td>
                    </tr>
                    <tr>
                        <td>
                            <pre class="log">Then the result should be true on the screen with 200 status code</pre>
                        </td>
                        <td>
                            <!-- [TestAssert: Scenario - [POST] : api/v1/updatecustomer] -->
                            <pre class="log">skipped because of previous errors</pre>
                                <div class="errorMessage">Parameter count mismatch! The binding method &#39;ShoppingMe.BDD.Tests:ShoppingMe.BDD.Tests.Features.CustomersSteps.GivenIHaveEnteredCustomerId(Int32)&#39; should have 2 parameters</div>
                                <pre class="stackTrace">TechTalk.SpecFlow.BindingException: Parameter count mismatch! The binding method &#39;ShoppingMe.BDD.Tests:ShoppingMe.BDD.Tests.Features.CustomersSteps.GivenIHaveEnteredCustomerId(Int32)&#39; should have 2 parameters
   at TechTalk.SpecFlow.Infrastructure.TestExecutionEngine.GetExecuteArguments(BindingMatch match)
   at TechTalk.SpecFlow.Infrastructure.TestExecutionEngine.ExecuteStep(IContextManager contextManager, StepInstance stepInstance)
   at TechTalk.SpecFlow.Infrastructure.TestExecutionEngine.OnAfterLastStep()
   at TechTalk.SpecFlow.TestRunner.CollectScenarioErrors()
   at ShoppingMe.BDD.Tests.CustomersFeature.ScenarioCleanup() in c:\Solutions\POC\WebApp\ShoppingMe.BDD.Tests\Customers.feature.cs:line 0
   at ShoppingMe.BDD.Tests.CustomersFeature.POSTApiV1Updatecustomer() in c:\Solutions\POC\WebApp\ShoppingMe.BDD.Tests\Customers.feature:line 33
   at TechTalk.SpecRun.Framework.TaskExecutors.StaticOrInstanceMethodExecutor.ExecuteInternal(ITestThreadExecutionContext testThreadExecutionContext)
   at TechTalk.SpecRun.Framework.TaskExecutors.StaticOrInstanceMethodExecutor.Execute(ITestThreadExecutionContext testThreadExecutionContext)
   at TechTalk.SpecRun.Framework.TestAssemblyExecutor.ExecuteTestNodeTask(TestNode testNode, ITaskExecutor task, TraceEventType eventType)</pre>
                        </td>
                        <td>Skipped in 0.004s</td>
                    </tr>
            </table>
	</body>
</html>
</a><div style='position: absolute; top:0px; right:10px; z-index: 1000; text-align: right; font-size: small; color: #FF5555'>
Generated by an evaluation version of SpecRun.<br />
This version can be used for evaluation purposes only.<br />
For obtaining a registered license please visit <a href='http://www.specflow.org/plus'>http://www.specflow.org/plus</a>.
</div>
